<?xml version="1.0" encoding="UTF-8"?>
<!-- Generated by org.testng.reporters.JUnitReportReporter -->
<testsuite hostname="DESKTOP-JJE516S" failures="0" tests="1" name="testcomponent.RegTest" time="51.139" errors="0" timestamp="2023-05-17T10:52:32 IST" skipped="0">
  <testcase classname="testcomponent.RegTest" name="test01" time="51.139"/>
  <system-out/>
</testsuite> <!-- testcomponent.RegTest -->
