<?xml version="1.0" encoding="UTF-8"?>
<!-- Generated by org.testng.reporters.JUnitReportReporter -->
<testsuite hostname="DESKTOP-JJE516S" failures="0" tests="1" name="pagecomponent.HomePages" time="17.005" errors="0" timestamp="2023-05-08T13:52:53 IST" skipped="0">
  <testcase classname="pagecomponent.HomePages" name="searchBarValidation2" time="17.005"/>
  <system-out/>
</testsuite> <!-- pagecomponent.HomePages -->
