<?xml version="1.0" encoding="UTF-8"?>
<!-- Generated by org.testng.reporters.JUnitReportReporter -->
<testsuite hostname="DESKTOP-JJE516S" failures="0" tests="1" name="enginecomponent.Base" time="1.734" errors="0" timestamp="2023-05-04T11:25:22 IST" skipped="0">
  <testcase classname="enginecomponent.Base" name="test01" time="1.734"/>
  <system-out/>
</testsuite> <!-- enginecomponent.Base -->
