<?xml version="1.0" encoding="UTF-8"?>
<!-- Generated by org.testng.reporters.JUnitReportReporter -->
<testsuite hostname="DESKTOP-JJE516S" failures="0" tests="2" name="testcomponent.MavenTest" time="44.217" errors="0" timestamp="2023-05-17T12:08:14 IST" skipped="0">
  <testcase classname="testcomponent.MavenTest" name="test03" time="21.435"/>
  <system-out/>
  <testcase classname="testcomponent.MavenTest" name="test04" time="22.782"/>
  <system-out/>
</testsuite> <!-- testcomponent.MavenTest -->
